#! /c/iverilog/bin/vvp
:ivl_version "0.9.7 " "(v0_9_7)";
:vpi_time_precision + 0;
:vpi_module "system";
:vpi_module "v2005_math";
:vpi_module "va_math";
S_008236C0 .scope module, "pipomod_32bit_tb" "pipomod_32bit_tb" 2 1;
 .timescale 0 0;
v011E2AF0_0 .var "clear", 0 0;
v011E2B48_0 .var "clk", 0 0;
v011E2BA0_0 .var "pi", 31 0;
v011ED808_0 .net "po", 31 0, v011E2A98_0; 1 drivers
S_00823A78 .scope module, "uut" "pipomod_32bit" 2 7, 3 1, S_008236C0;
 .timescale 0 0;
v011E33A8_0 .net "clear", 0 0, v011E2AF0_0; 1 drivers
v011E3400_0 .net "clk", 0 0, v011E2B48_0; 1 drivers
v011E3458_0 .net "pi", 31 0, v011E2BA0_0; 1 drivers
v011E2A98_0 .var "po", 31 0;
E_011E7D98 .event posedge, v011E3400_0;
    .scope S_00823A78;
T_0 ;
    %wait E_011E7D98;
    %load/v 8, v011E33A8_0, 1;
    %jmp/0xz  T_0.0, 8;
    %ix/load 0, 32, 0;
    %assign/v0 v011E2A98_0, 0, 0;
    %jmp T_0.1;
T_0.0 ;
    %load/v 8, v011E3458_0, 31; Only need 31 of 32 bits
; Save base=8 wid=31 in lookaside.
    %ix/load 0, 31, 0;
    %ix/load 1, 1, 0;
    %assign/v0/x1 v011E2A98_0, 0, 8;
    %ix/load 0, 1, 0;
    %ix/load 1, 0, 0;
    %assign/v0/x1 v011E2A98_0, 0, 0;
T_0.1 ;
    %jmp T_0;
    .thread T_0;
    .scope S_008236C0;
T_1 ;
    %delay 5, 0;
    %load/v 8, v011E2B48_0, 1;
    %inv 8, 1;
    %set/v v011E2B48_0, 8, 1;
    %jmp T_1;
    .thread T_1;
    .scope S_008236C0;
T_2 ;
    %vpi_call 2 19 "$dumpfile", "out.vcd";
    %vpi_call 2 20 "$dumpvars", 1'sb0, S_008236C0;
    %vpi_call 2 22 "$monitor", "Time=%0t clk=%b clear=%b po=%b pi=%b", $time, v011E2B48_0, v011E2AF0_0, v011ED808_0, v011E2BA0_0;
    %set/v v011E2B48_0, 0, 1;
    %set/v v011E2AF0_0, 0, 1;
    %set/v v011E2BA0_0, 0, 32;
    %delay 5, 0;
    %set/v v011E2AF0_0, 1, 1;
    %delay 5, 0;
    %set/v v011E2AF0_0, 0, 1;
    %delay 10, 0;
    %movi 8, 9, 32;
    %set/v v011E2BA0_0, 8, 32;
    %delay 10, 0;
    %movi 8, 10, 32;
    %set/v v011E2BA0_0, 8, 32;
    %delay 10, 0;
    %movi 8, 11, 32;
    %set/v v011E2BA0_0, 8, 32;
    %delay 10, 0;
    %movi 8, 14, 32;
    %set/v v011E2BA0_0, 8, 32;
    %delay 10, 0;
    %movi 8, 15, 32;
    %set/v v011E2BA0_0, 8, 32;
    %delay 10, 0;
    %set/v v011E2BA0_0, 0, 32;
    %vpi_call 2 37 "$finish";
    %end;
    .thread T_2;
# The file index is used to find the file name in the following table.
:file_names 4;
    "N/A";
    "<interactive>";
    ".\tb_32bit_PIPO.v";
    ".\32bit_PIPO.v";
